{
  "stats": {
    "suites": 1,
    "tests": 1,
    "passes": 1,
    "pending": 0,
    "failures": 0,
    "start": "2025-07-02T04:06:55.801Z",
    "end": "2025-07-02T04:08:50.552Z",
    "duration": 114751,
    "testsRegistered": 1,
    "passPercent": 100,
    "pendingPercent": 0,
    "other": 0,
    "hasOther": false,
    "skipped": 0,
    "hasSkipped": false
  },
  "results": [
    {
      "uuid": "599b31b6-ce9b-447b-933d-633d2e1c4d79",
      "title": "",
      "fullFile": "cypress\\e2e\\features\\searchFlight.feature",
      "file": "cypress\\e2e\\features\\searchFlight.feature",
      "beforeHooks": [],
      "afterHooks": [],
      "tests": [],
      "suites": [
        {
          "uuid": "cf6d7fb1-c50e-417a-abe8-7c42fb32e116",
          "title": "Book a flight on Agoda.com",
          "fullFile": "",
          "file": "",
          "beforeHooks": [],
          "afterHooks": [],
          "tests": [
            {
              "title": "Book a flight from Jakarta to Singapore with Malaysia Airlines",
              "fullTitle": "Book a flight on Agoda.com Book a flight from Jakarta to Singapore with Malaysia Airlines",
              "timedOut": null,
              "duration": 111245,
              "state": "passed",
              "speed": "slow",
              "pass": true,
              "fail": false,
              "pending": false,
              "context": null,
              "code": "const state = window.testState;\nreturn cy\n  .then(() => state.onStartScenario(scenario, indexedSteps))\n  .then(() =>\n    resolveAndRunBeforeHooks.call(this, scenario.tags, state.feature.name)\n  )\n  .then(() =>\n    indexedSteps.forEach((step) =>\n      stepTest.call(this, state, step, rowData)\n    )\n  )\n  .then(() => state.onFinishScenario(scenario));",
              "err": {},
              "uuid": "81d069c5-8a84-4c09-934f-cc790fd6b2af",
              "parentUUID": "cf6d7fb1-c50e-417a-abe8-7c42fb32e116",
              "isHook": false,
              "skipped": false
            }
          ],
          "suites": [],
          "passes": [
            "81d069c5-8a84-4c09-934f-cc790fd6b2af"
          ],
          "failures": [],
          "pending": [],
          "skipped": [],
          "duration": 111245,
          "root": false,
          "rootEmpty": false,
          "_timeout": 2000
        }
      ],
      "passes": [],
      "failures": [],
      "pending": [],
      "skipped": [],
      "duration": 0,
      "root": true,
      "rootEmpty": true,
      "_timeout": 2000
    }
  ],
  "meta": {
    "mocha": {
      "version": "7.2.0"
    },
    "mochawesome": {
      "options": {
        "quiet": false,
        "reportFilename": "mochawesome",
        "saveHtml": false,
        "saveJson": true,
        "consoleReporter": "spec",
        "useInlineDiffs": false,
        "code": true
      },
      "version": "7.1.3"
    },
    "marge": {
      "options": {
        "reportDir": "cypress/reports/",
        "overwrite": true,
        "html": false,
        "json": true
      },
      "version": "6.2.0"
    }
  }
}